2022-02-24 12:05:52,395 DEBUG scheduler Queued events for site site1.local
2022-02-24 12:06:52,644 DEBUG scheduler Queued events for site site1.local
2022-02-24 12:07:52,939 DEBUG scheduler Queued events for site site1.local
2022-02-24 12:08:53,124 INFO scheduler Scheduled Job Start: erpnext.venue.doctype.booking_credit_rule.booking_credit_rule.trigger_after_specific_time for site1.local
2022-02-24 12:08:53,203 DEBUG scheduler Queued events for site site1.local
2022-02-24 12:08:53,359 INFO scheduler Scheduled Job Complete: erpnext.venue.doctype.booking_credit_rule.booking_credit_rule.trigger_after_specific_time for site1.local
2022-02-24 12:08:53,418 INFO scheduler Scheduled Job Start: erpnext.crm.doctype.social_media_post.social_media_post.process_scheduled_social_media_posts for site1.local
2022-02-24 12:08:53,711 INFO scheduler Scheduled Job Complete: erpnext.crm.doctype.social_media_post.social_media_post.process_scheduled_social_media_posts for site1.local
2022-02-24 12:08:53,756 INFO scheduler Scheduled Job Start: erpnext.venue.doctype.item_booking.item_booking.clear_draft_bookings for site1.local
2022-02-24 12:08:53,982 INFO scheduler Scheduled Job Complete: erpnext.venue.doctype.item_booking.item_booking.clear_draft_bookings for site1.local
2022-02-24 12:08:54,043 INFO scheduler Scheduled Job Start: erpnext.projects.doctype.project.project.project_status_update_reminder for site1.local
2022-02-24 12:08:54,364 INFO scheduler Scheduled Job Complete: erpnext.projects.doctype.project.project.project_status_update_reminder for site1.local
2022-02-24 12:08:54,409 INFO scheduler Scheduled Job Start: frappe.monitor.flush for site1.local
2022-02-24 12:08:54,621 INFO scheduler Scheduled Job Complete: frappe.monitor.flush for site1.local
2022-02-24 12:08:54,664 INFO scheduler Scheduled Job Start: frappe.integrations.doctype.google_calendar.google_calendar.sync_all_calendars for site1.local
2022-02-24 12:08:54,893 INFO scheduler Scheduled Job Complete: frappe.integrations.doctype.google_calendar.google_calendar.sync_all_calendars for site1.local
2022-02-24 12:08:54,938 INFO scheduler Scheduled Job Start: frappe.utils.global_search.sync_global_search for site1.local
2022-02-24 12:08:55,174 INFO scheduler Scheduled Job Complete: frappe.utils.global_search.sync_global_search for site1.local
2022-02-24 12:08:55,220 INFO scheduler Scheduled Job Start: frappe.integrations.doctype.razorpay_settings.razorpay_settings.capture_payment for site1.local
2022-02-24 12:08:55,535 INFO scheduler Scheduled Job Complete: frappe.integrations.doctype.razorpay_settings.razorpay_settings.capture_payment for site1.local
2022-02-24 12:08:55,579 INFO scheduler Scheduled Job Start: frappe.email.doctype.email_account.email_account.notify_unreplied for site1.local
2022-02-24 12:08:55,836 INFO scheduler Scheduled Job Complete: frappe.email.doctype.email_account.email_account.notify_unreplied for site1.local
2022-02-24 12:08:55,895 INFO scheduler Scheduled Job Start: frappe.email.doctype.email_account.email_account.pull for site1.local
2022-02-24 12:08:56,141 INFO scheduler Scheduled Job Complete: frappe.email.doctype.email_account.email_account.pull for site1.local
2022-02-24 12:08:56,183 INFO scheduler Scheduled Job Start: frappe.email.queue.flush for site1.local
2022-02-24 12:08:56,407 INFO scheduler Scheduled Job Complete: frappe.email.queue.flush for site1.local
2022-02-24 12:09:53,492 DEBUG scheduler Queued events for site site1.local
2022-02-24 12:10:53,804 DEBUG scheduler Queued events for site site1.local
2022-02-24 12:11:54,027 DEBUG scheduler Queued events for site site1.local
2022-02-24 12:12:54,253 INFO scheduler Scheduled Job Start: erpnext.venue.doctype.booking_credit_rule.booking_credit_rule.trigger_after_specific_time for site1.local
2022-02-24 12:12:54,371 DEBUG scheduler Queued events for site site1.local
2022-02-24 12:12:54,487 INFO scheduler Scheduled Job Complete: erpnext.venue.doctype.booking_credit_rule.booking_credit_rule.trigger_after_specific_time for site1.local
2022-02-24 12:12:54,534 INFO scheduler Scheduled Job Start: erpnext.crm.doctype.social_media_post.social_media_post.process_scheduled_social_media_posts for site1.local
2022-02-24 12:12:54,751 INFO scheduler Scheduled Job Complete: erpnext.crm.doctype.social_media_post.social_media_post.process_scheduled_social_media_posts for site1.local
2022-02-24 12:12:54,806 INFO scheduler Scheduled Job Start: erpnext.venue.doctype.item_booking.item_booking.clear_draft_bookings for site1.local
2022-02-24 12:12:55,040 INFO scheduler Scheduled Job Complete: erpnext.venue.doctype.item_booking.item_booking.clear_draft_bookings for site1.local
2022-02-24 12:12:55,090 INFO scheduler Scheduled Job Start: erpnext.projects.doctype.project.project.project_status_update_reminder for site1.local
2022-02-24 12:12:55,361 INFO scheduler Scheduled Job Complete: erpnext.projects.doctype.project.project.project_status_update_reminder for site1.local
2022-02-24 12:12:55,406 INFO scheduler Scheduled Job Start: frappe.monitor.flush for site1.local
2022-02-24 12:12:55,618 INFO scheduler Scheduled Job Complete: frappe.monitor.flush for site1.local
2022-02-24 12:12:55,666 INFO scheduler Scheduled Job Start: frappe.integrations.doctype.google_calendar.google_calendar.sync_all_calendars for site1.local
2022-02-24 12:12:55,897 INFO scheduler Scheduled Job Complete: frappe.integrations.doctype.google_calendar.google_calendar.sync_all_calendars for site1.local
2022-02-24 12:12:55,944 INFO scheduler Scheduled Job Start: frappe.utils.global_search.sync_global_search for site1.local
2022-02-24 12:12:56,160 INFO scheduler Scheduled Job Complete: frappe.utils.global_search.sync_global_search for site1.local
2022-02-24 12:12:56,203 INFO scheduler Scheduled Job Start: frappe.integrations.doctype.razorpay_settings.razorpay_settings.capture_payment for site1.local
2022-02-24 12:12:56,425 INFO scheduler Scheduled Job Complete: frappe.integrations.doctype.razorpay_settings.razorpay_settings.capture_payment for site1.local
2022-02-24 12:12:56,478 INFO scheduler Scheduled Job Start: frappe.email.doctype.email_account.email_account.notify_unreplied for site1.local
2022-02-24 12:12:56,723 INFO scheduler Scheduled Job Complete: frappe.email.doctype.email_account.email_account.notify_unreplied for site1.local
2022-02-24 12:12:56,768 INFO scheduler Scheduled Job Start: frappe.email.doctype.email_account.email_account.pull for site1.local
2022-02-24 12:12:57,019 INFO scheduler Scheduled Job Complete: frappe.email.doctype.email_account.email_account.pull for site1.local
2022-02-24 12:12:57,062 INFO scheduler Scheduled Job Start: frappe.email.queue.flush for site1.local
2022-02-24 12:12:57,284 INFO scheduler Scheduled Job Complete: frappe.email.queue.flush for site1.local
2022-02-24 12:13:54,590 DEBUG scheduler Queued events for site site1.local
2022-02-24 12:14:54,848 DEBUG scheduler Queued events for site site1.local
2022-02-24 12:15:55,131 DEBUG scheduler Queued events for site site1.local
2022-02-24 12:15:55,174 INFO scheduler Scheduled Job Start: frappe.twofactor.delete_all_barcodes_for_users for site1.local
2022-02-24 12:15:55,474 INFO scheduler Scheduled Job Complete: frappe.twofactor.delete_all_barcodes_for_users for site1.local
2022-02-24 12:15:55,538 INFO scheduler Scheduled Job Start: frappe.website.doctype.web_page.web_page.check_publish_status for site1.local
2022-02-24 12:15:55,995 INFO scheduler Scheduled Job Complete: frappe.website.doctype.web_page.web_page.check_publish_status for site1.local
2022-02-24 12:15:56,056 INFO scheduler Scheduled Job Start: frappe.oauth.delete_oauth2_data for site1.local
2022-02-24 12:15:56,499 INFO scheduler Scheduled Job Complete: frappe.oauth.delete_oauth2_data for site1.local
2022-02-24 12:16:55,344 INFO scheduler Scheduled Job Start: erpnext.venue.doctype.booking_credit_rule.booking_credit_rule.trigger_after_specific_time for site1.local
2022-02-24 12:16:55,435 DEBUG scheduler Queued events for site site1.local
2022-02-24 12:16:55,622 INFO scheduler Scheduled Job Complete: erpnext.venue.doctype.booking_credit_rule.booking_credit_rule.trigger_after_specific_time for site1.local
2022-02-24 12:16:55,681 INFO scheduler Scheduled Job Start: erpnext.crm.doctype.social_media_post.social_media_post.process_scheduled_social_media_posts for site1.local
2022-02-24 12:16:56,024 INFO scheduler Scheduled Job Complete: erpnext.crm.doctype.social_media_post.social_media_post.process_scheduled_social_media_posts for site1.local
2022-02-24 12:16:56,077 INFO scheduler Scheduled Job Start: erpnext.venue.doctype.item_booking.item_booking.clear_draft_bookings for site1.local
2022-02-24 12:16:56,334 INFO scheduler Scheduled Job Complete: erpnext.venue.doctype.item_booking.item_booking.clear_draft_bookings for site1.local
2022-02-24 12:16:56,384 INFO scheduler Scheduled Job Start: erpnext.projects.doctype.project.project.project_status_update_reminder for site1.local
2022-02-24 12:16:56,688 INFO scheduler Scheduled Job Complete: erpnext.projects.doctype.project.project.project_status_update_reminder for site1.local
2022-02-24 12:16:56,753 INFO scheduler Scheduled Job Start: frappe.monitor.flush for site1.local
2022-02-24 12:16:57,061 INFO scheduler Scheduled Job Complete: frappe.monitor.flush for site1.local
2022-02-24 12:16:57,111 INFO scheduler Scheduled Job Start: frappe.integrations.doctype.google_calendar.google_calendar.sync_all_calendars for site1.local
2022-02-24 12:16:57,342 INFO scheduler Scheduled Job Complete: frappe.integrations.doctype.google_calendar.google_calendar.sync_all_calendars for site1.local
2022-02-24 12:16:57,390 INFO scheduler Scheduled Job Start: frappe.utils.global_search.sync_global_search for site1.local
2022-02-24 12:16:57,650 INFO scheduler Scheduled Job Complete: frappe.utils.global_search.sync_global_search for site1.local
2022-02-24 12:16:57,699 INFO scheduler Scheduled Job Start: frappe.integrations.doctype.razorpay_settings.razorpay_settings.capture_payment for site1.local
2022-02-24 12:16:58,026 INFO scheduler Scheduled Job Complete: frappe.integrations.doctype.razorpay_settings.razorpay_settings.capture_payment for site1.local
2022-02-24 12:16:58,091 INFO scheduler Scheduled Job Start: frappe.email.doctype.email_account.email_account.notify_unreplied for site1.local
2022-02-24 12:16:58,485 INFO scheduler Scheduled Job Complete: frappe.email.doctype.email_account.email_account.notify_unreplied for site1.local
2022-02-24 12:16:58,548 INFO scheduler Scheduled Job Start: frappe.email.doctype.email_account.email_account.pull for site1.local
2022-02-24 12:16:58,896 INFO scheduler Scheduled Job Complete: frappe.email.doctype.email_account.email_account.pull for site1.local
2022-02-24 12:16:58,947 INFO scheduler Scheduled Job Start: frappe.email.queue.flush for site1.local
2022-02-24 12:16:59,175 INFO scheduler Scheduled Job Complete: frappe.email.queue.flush for site1.local
2022-02-24 12:17:55,639 DEBUG scheduler Queued events for site site1.local
2022-02-24 12:18:55,897 DEBUG scheduler Queued events for site site1.local
2022-02-24 12:19:56,107 DEBUG scheduler Queued events for site site1.local
2022-02-24 12:20:56,329 INFO scheduler Scheduled Job Start: erpnext.venue.doctype.booking_credit_rule.booking_credit_rule.trigger_after_specific_time for site1.local
2022-02-24 12:20:56,429 DEBUG scheduler Queued events for site site1.local
2022-02-24 12:20:56,577 INFO scheduler Scheduled Job Complete: erpnext.venue.doctype.booking_credit_rule.booking_credit_rule.trigger_after_specific_time for site1.local
2022-02-24 12:20:56,623 INFO scheduler Scheduled Job Start: erpnext.crm.doctype.social_media_post.social_media_post.process_scheduled_social_media_posts for site1.local
2022-02-24 12:20:56,845 INFO scheduler Scheduled Job Complete: erpnext.crm.doctype.social_media_post.social_media_post.process_scheduled_social_media_posts for site1.local
2022-02-24 12:20:56,891 INFO scheduler Scheduled Job Start: erpnext.venue.doctype.item_booking.item_booking.clear_draft_bookings for site1.local
2022-02-24 12:20:57,108 INFO scheduler Scheduled Job Complete: erpnext.venue.doctype.item_booking.item_booking.clear_draft_bookings for site1.local
2022-02-24 12:20:57,169 INFO scheduler Scheduled Job Start: erpnext.projects.doctype.project.project.project_status_update_reminder for site1.local
2022-02-24 12:20:57,459 INFO scheduler Scheduled Job Complete: erpnext.projects.doctype.project.project.project_status_update_reminder for site1.local
2022-02-24 12:20:57,509 INFO scheduler Scheduled Job Start: frappe.monitor.flush for site1.local
2022-02-24 12:20:57,729 INFO scheduler Scheduled Job Complete: frappe.monitor.flush for site1.local
2022-02-24 12:20:57,777 INFO scheduler Scheduled Job Start: frappe.integrations.doctype.google_calendar.google_calendar.sync_all_calendars for site1.local
2022-02-24 12:20:58,003 INFO scheduler Scheduled Job Complete: frappe.integrations.doctype.google_calendar.google_calendar.sync_all_calendars for site1.local
2022-02-24 12:20:58,068 INFO scheduler Scheduled Job Start: frappe.utils.global_search.sync_global_search for site1.local
2022-02-24 12:20:58,302 INFO scheduler Scheduled Job Complete: frappe.utils.global_search.sync_global_search for site1.local
2022-02-24 12:20:58,349 INFO scheduler Scheduled Job Start: frappe.integrations.doctype.razorpay_settings.razorpay_settings.capture_payment for site1.local
2022-02-24 12:20:58,576 INFO scheduler Scheduled Job Complete: frappe.integrations.doctype.razorpay_settings.razorpay_settings.capture_payment for site1.local
2022-02-24 12:20:58,622 INFO scheduler Scheduled Job Start: frappe.email.doctype.email_account.email_account.notify_unreplied for site1.local
2022-02-24 12:20:58,886 INFO scheduler Scheduled Job Complete: frappe.email.doctype.email_account.email_account.notify_unreplied for site1.local
2022-02-24 12:20:58,931 INFO scheduler Scheduled Job Start: frappe.email.doctype.email_account.email_account.pull for site1.local
2022-02-24 12:20:59,206 INFO scheduler Scheduled Job Complete: frappe.email.doctype.email_account.email_account.pull for site1.local
2022-02-24 12:20:59,260 INFO scheduler Scheduled Job Start: frappe.email.queue.flush for site1.local
2022-02-24 12:20:59,508 INFO scheduler Scheduled Job Complete: frappe.email.queue.flush for site1.local
2022-02-24 12:21:56,696 DEBUG scheduler Queued events for site site1.local
2022-02-24 12:22:56,980 DEBUG scheduler Queued events for site site1.local
2022-02-24 12:23:57,201 DEBUG scheduler Queued events for site site1.local
2022-02-24 12:24:57,407 INFO scheduler Scheduled Job Start: erpnext.venue.doctype.booking_credit_rule.booking_credit_rule.trigger_after_specific_time for site1.local
2022-02-24 12:24:57,536 DEBUG scheduler Queued events for site site1.local
2022-02-24 12:24:57,672 INFO scheduler Scheduled Job Complete: erpnext.venue.doctype.booking_credit_rule.booking_credit_rule.trigger_after_specific_time for site1.local
2022-02-24 12:24:57,732 INFO scheduler Scheduled Job Start: erpnext.crm.doctype.social_media_post.social_media_post.process_scheduled_social_media_posts for site1.local
2022-02-24 12:24:57,975 INFO scheduler Scheduled Job Complete: erpnext.crm.doctype.social_media_post.social_media_post.process_scheduled_social_media_posts for site1.local
2022-02-24 12:24:58,024 INFO scheduler Scheduled Job Start: erpnext.venue.doctype.item_booking.item_booking.clear_draft_bookings for site1.local
2022-02-24 12:24:58,257 INFO scheduler Scheduled Job Complete: erpnext.venue.doctype.item_booking.item_booking.clear_draft_bookings for site1.local
2022-02-24 12:24:58,304 INFO scheduler Scheduled Job Start: erpnext.projects.doctype.project.project.project_status_update_reminder for site1.local
2022-02-24 12:24:58,593 INFO scheduler Scheduled Job Complete: erpnext.projects.doctype.project.project.project_status_update_reminder for site1.local
2022-02-24 12:24:58,640 INFO scheduler Scheduled Job Start: frappe.monitor.flush for site1.local
2022-02-24 12:24:58,901 INFO scheduler Scheduled Job Complete: frappe.monitor.flush for site1.local
2022-02-24 12:24:58,946 INFO scheduler Scheduled Job Start: frappe.integrations.doctype.google_calendar.google_calendar.sync_all_calendars for site1.local
2022-02-24 12:24:59,183 INFO scheduler Scheduled Job Complete: frappe.integrations.doctype.google_calendar.google_calendar.sync_all_calendars for site1.local
2022-02-24 12:24:59,248 INFO scheduler Scheduled Job Start: frappe.utils.global_search.sync_global_search for site1.local
2022-02-24 12:24:59,585 INFO scheduler Scheduled Job Complete: frappe.utils.global_search.sync_global_search for site1.local
2022-02-24 12:24:59,640 INFO scheduler Scheduled Job Start: frappe.integrations.doctype.razorpay_settings.razorpay_settings.capture_payment for site1.local
2022-02-24 12:24:59,865 INFO scheduler Scheduled Job Complete: frappe.integrations.doctype.razorpay_settings.razorpay_settings.capture_payment for site1.local
2022-02-24 12:24:59,912 INFO scheduler Scheduled Job Start: frappe.email.doctype.email_account.email_account.notify_unreplied for site1.local
2022-02-24 12:25:00,160 INFO scheduler Scheduled Job Complete: frappe.email.doctype.email_account.email_account.notify_unreplied for site1.local
2022-02-24 12:25:00,205 INFO scheduler Scheduled Job Start: frappe.email.doctype.email_account.email_account.pull for site1.local
2022-02-24 12:25:00,450 INFO scheduler Scheduled Job Complete: frappe.email.doctype.email_account.email_account.pull for site1.local
2022-02-24 12:25:00,497 INFO scheduler Scheduled Job Start: frappe.email.queue.flush for site1.local
2022-02-24 12:25:00,719 INFO scheduler Scheduled Job Complete: frappe.email.queue.flush for site1.local
2022-02-24 12:25:57,787 DEBUG scheduler Queued events for site site1.local
2022-02-24 12:26:58,073 DEBUG scheduler Queued events for site site1.local
2022-02-24 12:27:58,311 DEBUG scheduler Queued events for site site1.local
2022-02-24 12:28:58,518 INFO scheduler Scheduled Job Start: erpnext.venue.doctype.booking_credit_rule.booking_credit_rule.trigger_after_specific_time for site1.local
2022-02-24 12:28:58,679 DEBUG scheduler Queued events for site site1.local
2022-02-24 12:28:58,768 INFO scheduler Scheduled Job Complete: erpnext.venue.doctype.booking_credit_rule.booking_credit_rule.trigger_after_specific_time for site1.local
2022-02-24 12:28:58,816 INFO scheduler Scheduled Job Start: erpnext.crm.doctype.social_media_post.social_media_post.process_scheduled_social_media_posts for site1.local
2022-02-24 12:28:59,046 INFO scheduler Scheduled Job Complete: erpnext.crm.doctype.social_media_post.social_media_post.process_scheduled_social_media_posts for site1.local
2022-02-24 12:28:59,087 INFO scheduler Scheduled Job Start: erpnext.venue.doctype.item_booking.item_booking.clear_draft_bookings for site1.local
2022-02-24 12:28:59,308 INFO scheduler Scheduled Job Complete: erpnext.venue.doctype.item_booking.item_booking.clear_draft_bookings for site1.local
2022-02-24 12:28:59,358 INFO scheduler Scheduled Job Start: erpnext.projects.doctype.project.project.project_status_update_reminder for site1.local
2022-02-24 12:28:59,657 INFO scheduler Scheduled Job Complete: erpnext.projects.doctype.project.project.project_status_update_reminder for site1.local
2022-02-24 12:28:59,707 INFO scheduler Scheduled Job Start: frappe.monitor.flush for site1.local
2022-02-24 12:28:59,927 INFO scheduler Scheduled Job Complete: frappe.monitor.flush for site1.local
2022-02-24 12:28:59,987 INFO scheduler Scheduled Job Start: frappe.integrations.doctype.google_calendar.google_calendar.sync_all_calendars for site1.local
2022-02-24 12:29:00,230 INFO scheduler Scheduled Job Complete: frappe.integrations.doctype.google_calendar.google_calendar.sync_all_calendars for site1.local
2022-02-24 12:29:00,273 INFO scheduler Scheduled Job Start: frappe.utils.global_search.sync_global_search for site1.local
2022-02-24 12:29:00,476 INFO scheduler Scheduled Job Complete: frappe.utils.global_search.sync_global_search for site1.local
2022-02-24 12:29:00,522 INFO scheduler Scheduled Job Start: frappe.integrations.doctype.razorpay_settings.razorpay_settings.capture_payment for site1.local
2022-02-24 12:29:00,745 INFO scheduler Scheduled Job Complete: frappe.integrations.doctype.razorpay_settings.razorpay_settings.capture_payment for site1.local
2022-02-24 12:29:00,789 INFO scheduler Scheduled Job Start: frappe.email.doctype.email_account.email_account.notify_unreplied for site1.local
2022-02-24 12:29:01,042 INFO scheduler Scheduled Job Complete: frappe.email.doctype.email_account.email_account.notify_unreplied for site1.local
2022-02-24 12:29:01,084 INFO scheduler Scheduled Job Start: frappe.email.doctype.email_account.email_account.pull for site1.local
2022-02-24 12:29:01,355 INFO scheduler Scheduled Job Complete: frappe.email.doctype.email_account.email_account.pull for site1.local
2022-02-24 12:29:01,402 INFO scheduler Scheduled Job Start: frappe.email.queue.flush for site1.local
2022-02-24 12:29:01,666 INFO scheduler Scheduled Job Complete: frappe.email.queue.flush for site1.local
2022-02-24 12:29:58,904 DEBUG scheduler Queued events for site site1.local
2022-02-24 12:30:59,137 INFO scheduler Scheduled Job Start: erpnext.utilities.doctype.video.video.update_youtube_data for site1.local
2022-02-24 12:30:59,179 DEBUG scheduler Queued events for site site1.local
2022-02-24 12:30:59,688 INFO scheduler Scheduled Job Failed: erpnext.utilities.doctype.video.video.update_youtube_data for site1.local
2022-02-24 12:30:59,758 INFO scheduler Scheduled Job Start: frappe.twofactor.delete_all_barcodes_for_users for site1.local
2022-02-24 12:31:00,052 INFO scheduler Scheduled Job Complete: frappe.twofactor.delete_all_barcodes_for_users for site1.local
2022-02-24 12:31:00,118 INFO scheduler Scheduled Job Start: frappe.website.doctype.web_page.web_page.check_publish_status for site1.local
2022-02-24 12:31:00,492 INFO scheduler Scheduled Job Complete: frappe.website.doctype.web_page.web_page.check_publish_status for site1.local
2022-02-24 12:31:00,547 INFO scheduler Scheduled Job Start: frappe.oauth.delete_oauth2_data for site1.local
2022-02-24 12:31:00,831 INFO scheduler Scheduled Job Complete: frappe.oauth.delete_oauth2_data for site1.local
2022-02-24 12:31:59,431 DEBUG scheduler Queued events for site site1.local
2022-02-24 12:32:59,636 INFO scheduler Scheduled Job Start: erpnext.venue.doctype.booking_credit_rule.booking_credit_rule.trigger_after_specific_time for site1.local
2022-02-24 12:32:59,718 DEBUG scheduler Queued events for site site1.local
2022-02-24 12:32:59,889 INFO scheduler Scheduled Job Complete: erpnext.venue.doctype.booking_credit_rule.booking_credit_rule.trigger_after_specific_time for site1.local
2022-02-24 12:32:59,938 INFO scheduler Scheduled Job Start: erpnext.crm.doctype.social_media_post.social_media_post.process_scheduled_social_media_posts for site1.local
2022-02-24 12:33:00,235 INFO scheduler Scheduled Job Complete: erpnext.crm.doctype.social_media_post.social_media_post.process_scheduled_social_media_posts for site1.local
2022-02-24 12:33:00,281 INFO scheduler Scheduled Job Start: erpnext.venue.doctype.item_booking.item_booking.clear_draft_bookings for site1.local
2022-02-24 12:33:00,534 INFO scheduler Scheduled Job Complete: erpnext.venue.doctype.item_booking.item_booking.clear_draft_bookings for site1.local
2022-02-24 12:33:00,594 INFO scheduler Scheduled Job Start: erpnext.projects.doctype.project.project.project_status_update_reminder for site1.local
2022-02-24 12:33:00,926 INFO scheduler Scheduled Job Complete: erpnext.projects.doctype.project.project.project_status_update_reminder for site1.local
2022-02-24 12:33:00,973 INFO scheduler Scheduled Job Start: frappe.monitor.flush for site1.local
2022-02-24 12:33:01,211 INFO scheduler Scheduled Job Complete: frappe.monitor.flush for site1.local
2022-02-24 12:33:01,261 INFO scheduler Scheduled Job Start: frappe.integrations.doctype.google_calendar.google_calendar.sync_all_calendars for site1.local
2022-02-24 12:33:01,565 INFO scheduler Scheduled Job Complete: frappe.integrations.doctype.google_calendar.google_calendar.sync_all_calendars for site1.local
2022-02-24 12:33:01,626 INFO scheduler Scheduled Job Start: frappe.utils.global_search.sync_global_search for site1.local
2022-02-24 12:33:01,906 INFO scheduler Scheduled Job Complete: frappe.utils.global_search.sync_global_search for site1.local
2022-02-24 12:33:01,978 INFO scheduler Scheduled Job Start: frappe.integrations.doctype.razorpay_settings.razorpay_settings.capture_payment for site1.local
2022-02-24 12:33:02,258 INFO scheduler Scheduled Job Complete: frappe.integrations.doctype.razorpay_settings.razorpay_settings.capture_payment for site1.local
2022-02-24 12:33:02,326 INFO scheduler Scheduled Job Start: frappe.email.doctype.email_account.email_account.notify_unreplied for site1.local
2022-02-24 12:33:02,616 INFO scheduler Scheduled Job Complete: frappe.email.doctype.email_account.email_account.notify_unreplied for site1.local
2022-02-24 12:33:02,669 INFO scheduler Scheduled Job Start: frappe.email.doctype.email_account.email_account.pull for site1.local
2022-02-24 12:33:02,967 INFO scheduler Scheduled Job Complete: frappe.email.doctype.email_account.email_account.pull for site1.local
2022-02-24 12:33:03,032 INFO scheduler Scheduled Job Start: frappe.email.queue.flush for site1.local
2022-02-24 12:33:03,372 INFO scheduler Scheduled Job Complete: frappe.email.queue.flush for site1.local
2022-02-24 12:33:59,969 DEBUG scheduler Queued events for site site1.local
2022-02-24 12:35:00,277 DEBUG scheduler Queued events for site site1.local
2022-02-24 12:36:00,518 INFO scheduler Scheduled Job Start: erpnext.venue.doctype.booking_credit_rule.booking_credit_rule.trigger_after_specific_time for site1.local
2022-02-24 12:36:00,620 DEBUG scheduler Queued events for site site1.local
2022-02-24 12:36:00,816 INFO scheduler Scheduled Job Complete: erpnext.venue.doctype.booking_credit_rule.booking_credit_rule.trigger_after_specific_time for site1.local
2022-02-24 12:36:00,869 INFO scheduler Scheduled Job Start: erpnext.crm.doctype.social_media_post.social_media_post.process_scheduled_social_media_posts for site1.local
2022-02-24 12:36:01,140 INFO scheduler Scheduled Job Complete: erpnext.crm.doctype.social_media_post.social_media_post.process_scheduled_social_media_posts for site1.local
2022-02-24 12:36:01,198 INFO scheduler Scheduled Job Start: erpnext.venue.doctype.item_booking.item_booking.clear_draft_bookings for site1.local
2022-02-24 12:36:01,472 INFO scheduler Scheduled Job Complete: erpnext.venue.doctype.item_booking.item_booking.clear_draft_bookings for site1.local
2022-02-24 12:36:01,551 INFO scheduler Scheduled Job Start: erpnext.projects.doctype.project.project.project_status_update_reminder for site1.local
2022-02-24 12:36:02,048 INFO scheduler Scheduled Job Complete: erpnext.projects.doctype.project.project.project_status_update_reminder for site1.local
2022-02-24 12:36:02,184 INFO scheduler Scheduled Job Start: frappe.monitor.flush for site1.local
2022-02-24 12:36:02,504 INFO scheduler Scheduled Job Complete: frappe.monitor.flush for site1.local
2022-02-24 12:36:02,568 INFO scheduler Scheduled Job Start: frappe.integrations.doctype.google_calendar.google_calendar.sync_all_calendars for site1.local
2022-02-24 12:36:02,917 INFO scheduler Scheduled Job Complete: frappe.integrations.doctype.google_calendar.google_calendar.sync_all_calendars for site1.local
2022-02-24 12:36:02,982 INFO scheduler Scheduled Job Start: frappe.utils.global_search.sync_global_search for site1.local
2022-02-24 12:36:03,282 INFO scheduler Scheduled Job Complete: frappe.utils.global_search.sync_global_search for site1.local
2022-02-24 12:36:03,336 INFO scheduler Scheduled Job Start: frappe.integrations.doctype.razorpay_settings.razorpay_settings.capture_payment for site1.local
2022-02-24 12:36:03,632 INFO scheduler Scheduled Job Complete: frappe.integrations.doctype.razorpay_settings.razorpay_settings.capture_payment for site1.local
2022-02-24 12:36:03,686 INFO scheduler Scheduled Job Start: frappe.email.doctype.email_account.email_account.notify_unreplied for site1.local
2022-02-24 12:36:03,986 INFO scheduler Scheduled Job Complete: frappe.email.doctype.email_account.email_account.notify_unreplied for site1.local
2022-02-24 12:36:04,051 INFO scheduler Scheduled Job Start: frappe.email.doctype.email_account.email_account.pull for site1.local
2022-02-24 12:36:04,468 INFO scheduler Scheduled Job Complete: frappe.email.doctype.email_account.email_account.pull for site1.local
2022-02-24 12:36:04,536 INFO scheduler Scheduled Job Start: frappe.email.queue.flush for site1.local
2022-02-24 12:36:04,917 INFO scheduler Scheduled Job Complete: frappe.email.queue.flush for site1.local
2022-02-24 12:37:00,873 DEBUG scheduler Queued events for site site1.local
2022-02-24 12:38:01,094 DEBUG scheduler Queued events for site site1.local
2022-02-24 12:39:01,521 DEBUG scheduler Queued events for site site1.local
2022-02-24 12:40:01,982 INFO scheduler Scheduled Job Start: erpnext.venue.doctype.booking_credit_rule.booking_credit_rule.trigger_after_specific_time for site1.local
2022-02-24 12:40:02,134 DEBUG scheduler Queued events for site site1.local
2022-02-24 12:40:02,330 INFO scheduler Scheduled Job Complete: erpnext.venue.doctype.booking_credit_rule.booking_credit_rule.trigger_after_specific_time for site1.local
2022-02-24 12:40:02,411 INFO scheduler Scheduled Job Start: erpnext.crm.doctype.social_media_post.social_media_post.process_scheduled_social_media_posts for site1.local
2022-02-24 12:40:02,799 INFO scheduler Scheduled Job Complete: erpnext.crm.doctype.social_media_post.social_media_post.process_scheduled_social_media_posts for site1.local
2022-02-24 12:40:02,871 INFO scheduler Scheduled Job Start: erpnext.venue.doctype.item_booking.item_booking.clear_draft_bookings for site1.local
2022-02-24 12:40:03,252 INFO scheduler Scheduled Job Complete: erpnext.venue.doctype.item_booking.item_booking.clear_draft_bookings for site1.local
2022-02-24 12:40:03,337 INFO scheduler Scheduled Job Start: erpnext.projects.doctype.project.project.project_status_update_reminder for site1.local
2022-02-24 12:40:03,746 INFO scheduler Scheduled Job Complete: erpnext.projects.doctype.project.project.project_status_update_reminder for site1.local
2022-02-24 12:40:03,816 INFO scheduler Scheduled Job Start: frappe.monitor.flush for site1.local
2022-02-24 12:40:04,134 INFO scheduler Scheduled Job Complete: frappe.monitor.flush for site1.local
2022-02-24 12:40:04,204 INFO scheduler Scheduled Job Start: frappe.integrations.doctype.google_calendar.google_calendar.sync_all_calendars for site1.local
2022-02-24 12:40:04,538 INFO scheduler Scheduled Job Complete: frappe.integrations.doctype.google_calendar.google_calendar.sync_all_calendars for site1.local
2022-02-24 12:40:04,599 INFO scheduler Scheduled Job Start: frappe.utils.global_search.sync_global_search for site1.local
2022-02-24 12:40:04,886 INFO scheduler Scheduled Job Complete: frappe.utils.global_search.sync_global_search for site1.local
2022-02-24 12:40:04,952 INFO scheduler Scheduled Job Start: frappe.integrations.doctype.razorpay_settings.razorpay_settings.capture_payment for site1.local
2022-02-24 12:40:05,267 INFO scheduler Scheduled Job Complete: frappe.integrations.doctype.razorpay_settings.razorpay_settings.capture_payment for site1.local
2022-02-24 12:40:05,329 INFO scheduler Scheduled Job Start: frappe.email.doctype.email_account.email_account.notify_unreplied for site1.local
2022-02-24 12:40:05,699 INFO scheduler Scheduled Job Complete: frappe.email.doctype.email_account.email_account.notify_unreplied for site1.local
2022-02-24 12:40:05,773 INFO scheduler Scheduled Job Start: frappe.email.doctype.email_account.email_account.pull for site1.local
2022-02-24 12:40:06,163 INFO scheduler Scheduled Job Complete: frappe.email.doctype.email_account.email_account.pull for site1.local
2022-02-24 12:40:06,233 INFO scheduler Scheduled Job Start: frappe.email.queue.flush for site1.local
2022-02-24 12:40:06,609 INFO scheduler Scheduled Job Complete: frappe.email.queue.flush for site1.local
2022-02-24 12:41:02,470 DEBUG scheduler Queued events for site site1.local
2022-02-24 12:42:02,778 DEBUG scheduler Queued events for site site1.local
2022-02-24 12:43:03,018 DEBUG scheduler Queued events for site site1.local
2022-02-24 12:44:03,281 INFO scheduler Scheduled Job Start: erpnext.venue.doctype.booking_credit_rule.booking_credit_rule.trigger_after_specific_time for site1.local
2022-02-24 12:44:03,388 DEBUG scheduler Queued events for site site1.local
2022-02-24 12:44:03,561 INFO scheduler Scheduled Job Complete: erpnext.venue.doctype.booking_credit_rule.booking_credit_rule.trigger_after_specific_time for site1.local
2022-02-24 12:44:03,613 INFO scheduler Scheduled Job Start: erpnext.crm.doctype.social_media_post.social_media_post.process_scheduled_social_media_posts for site1.local
2022-02-24 12:44:03,959 INFO scheduler Scheduled Job Complete: erpnext.crm.doctype.social_media_post.social_media_post.process_scheduled_social_media_posts for site1.local
2022-02-24 12:44:04,021 INFO scheduler Scheduled Job Start: erpnext.venue.doctype.item_booking.item_booking.clear_draft_bookings for site1.local
2022-02-24 12:44:04,276 INFO scheduler Scheduled Job Complete: erpnext.venue.doctype.item_booking.item_booking.clear_draft_bookings for site1.local
2022-02-24 12:44:04,338 INFO scheduler Scheduled Job Start: erpnext.projects.doctype.project.project.project_status_update_reminder for site1.local
2022-02-24 12:44:04,666 INFO scheduler Scheduled Job Complete: erpnext.projects.doctype.project.project.project_status_update_reminder for site1.local
2022-02-24 12:44:04,714 INFO scheduler Scheduled Job Start: frappe.monitor.flush for site1.local
2022-02-24 12:44:04,931 INFO scheduler Scheduled Job Complete: frappe.monitor.flush for site1.local
2022-02-24 12:44:04,979 INFO scheduler Scheduled Job Start: frappe.integrations.doctype.google_calendar.google_calendar.sync_all_calendars for site1.local
2022-02-24 12:44:05,214 INFO scheduler Scheduled Job Complete: frappe.integrations.doctype.google_calendar.google_calendar.sync_all_calendars for site1.local
2022-02-24 12:44:05,261 INFO scheduler Scheduled Job Start: frappe.utils.global_search.sync_global_search for site1.local
2022-02-24 12:44:05,498 INFO scheduler Scheduled Job Complete: frappe.utils.global_search.sync_global_search for site1.local
2022-02-24 12:44:05,542 INFO scheduler Scheduled Job Start: frappe.integrations.doctype.razorpay_settings.razorpay_settings.capture_payment for site1.local
2022-02-24 12:44:05,778 INFO scheduler Scheduled Job Complete: frappe.integrations.doctype.razorpay_settings.razorpay_settings.capture_payment for site1.local
2022-02-24 12:44:05,832 INFO scheduler Scheduled Job Start: frappe.email.doctype.email_account.email_account.notify_unreplied for site1.local
2022-02-24 12:44:06,068 INFO scheduler Scheduled Job Complete: frappe.email.doctype.email_account.email_account.notify_unreplied for site1.local
2022-02-24 12:44:06,112 INFO scheduler Scheduled Job Start: frappe.email.doctype.email_account.email_account.pull for site1.local
2022-02-24 12:44:06,367 INFO scheduler Scheduled Job Complete: frappe.email.doctype.email_account.email_account.pull for site1.local
2022-02-24 12:44:06,416 INFO scheduler Scheduled Job Start: frappe.email.queue.flush for site1.local
2022-02-24 12:44:06,673 INFO scheduler Scheduled Job Complete: frappe.email.queue.flush for site1.local
2022-02-24 12:45:03,736 DEBUG scheduler Queued events for site site1.local
2022-02-24 12:45:03,779 INFO scheduler Scheduled Job Start: frappe.twofactor.delete_all_barcodes_for_users for site1.local
2022-02-24 12:45:04,210 INFO scheduler Scheduled Job Complete: frappe.twofactor.delete_all_barcodes_for_users for site1.local
2022-02-24 12:45:04,284 INFO scheduler Scheduled Job Start: frappe.website.doctype.web_page.web_page.check_publish_status for site1.local
2022-02-24 12:45:04,734 INFO scheduler Scheduled Job Complete: frappe.website.doctype.web_page.web_page.check_publish_status for site1.local
2022-02-24 12:45:04,805 INFO scheduler Scheduled Job Start: frappe.oauth.delete_oauth2_data for site1.local
2022-02-24 12:45:05,160 INFO scheduler Scheduled Job Complete: frappe.oauth.delete_oauth2_data for site1.local
2022-02-24 12:46:04,043 DEBUG scheduler Queued events for site site1.local
2022-02-24 12:47:04,341 DEBUG scheduler Queued events for site site1.local
2022-02-24 12:48:04,577 INFO scheduler Scheduled Job Start: erpnext.venue.doctype.booking_credit_rule.booking_credit_rule.trigger_after_specific_time for site1.local
2022-02-24 12:48:04,737 DEBUG scheduler Queued events for site site1.local
2022-02-24 12:48:04,939 INFO scheduler Scheduled Job Complete: erpnext.venue.doctype.booking_credit_rule.booking_credit_rule.trigger_after_specific_time for site1.local
2022-02-24 12:48:05,006 INFO scheduler Scheduled Job Start: erpnext.crm.doctype.social_media_post.social_media_post.process_scheduled_social_media_posts for site1.local
2022-02-24 12:48:05,287 INFO scheduler Scheduled Job Complete: erpnext.crm.doctype.social_media_post.social_media_post.process_scheduled_social_media_posts for site1.local
2022-02-24 12:48:05,336 INFO scheduler Scheduled Job Start: erpnext.venue.doctype.item_booking.item_booking.clear_draft_bookings for site1.local
2022-02-24 12:48:05,586 INFO scheduler Scheduled Job Complete: erpnext.venue.doctype.item_booking.item_booking.clear_draft_bookings for site1.local
2022-02-24 12:48:05,652 INFO scheduler Scheduled Job Start: erpnext.projects.doctype.project.project.project_status_update_reminder for site1.local
2022-02-24 12:48:05,987 INFO scheduler Scheduled Job Complete: erpnext.projects.doctype.project.project.project_status_update_reminder for site1.local
2022-02-24 12:48:06,041 INFO scheduler Scheduled Job Start: frappe.monitor.flush for site1.local
2022-02-24 12:48:06,372 INFO scheduler Scheduled Job Complete: frappe.monitor.flush for site1.local
2022-02-24 12:48:06,445 INFO scheduler Scheduled Job Start: frappe.integrations.doctype.google_calendar.google_calendar.sync_all_calendars for site1.local
2022-02-24 12:48:06,801 INFO scheduler Scheduled Job Complete: frappe.integrations.doctype.google_calendar.google_calendar.sync_all_calendars for site1.local
2022-02-24 12:48:06,851 INFO scheduler Scheduled Job Start: frappe.utils.global_search.sync_global_search for site1.local
2022-02-24 12:48:07,085 INFO scheduler Scheduled Job Complete: frappe.utils.global_search.sync_global_search for site1.local
2022-02-24 12:48:07,131 INFO scheduler Scheduled Job Start: frappe.integrations.doctype.razorpay_settings.razorpay_settings.capture_payment for site1.local
2022-02-24 12:48:07,370 INFO scheduler Scheduled Job Complete: frappe.integrations.doctype.razorpay_settings.razorpay_settings.capture_payment for site1.local
2022-02-24 12:48:07,414 INFO scheduler Scheduled Job Start: frappe.email.doctype.email_account.email_account.notify_unreplied for site1.local
2022-02-24 12:48:07,653 INFO scheduler Scheduled Job Complete: frappe.email.doctype.email_account.email_account.notify_unreplied for site1.local
2022-02-24 12:48:07,699 INFO scheduler Scheduled Job Start: frappe.email.doctype.email_account.email_account.pull for site1.local
2022-02-24 12:48:07,968 INFO scheduler Scheduled Job Complete: frappe.email.doctype.email_account.email_account.pull for site1.local
2022-02-24 12:48:08,016 INFO scheduler Scheduled Job Start: frappe.email.queue.flush for site1.local
2022-02-24 12:48:08,251 INFO scheduler Scheduled Job Complete: frappe.email.queue.flush for site1.local
2022-02-24 12:49:05,059 DEBUG scheduler Queued events for site site1.local
2022-02-24 12:50:05,390 DEBUG scheduler Queued events for site site1.local
2022-02-24 12:51:05,682 DEBUG scheduler Queued events for site site1.local
2022-02-24 12:52:05,965 INFO scheduler Scheduled Job Start: erpnext.venue.doctype.booking_credit_rule.booking_credit_rule.trigger_after_specific_time for site1.local
2022-02-24 12:52:06,065 DEBUG scheduler Queued events for site site1.local
2022-02-24 12:52:06,256 INFO scheduler Scheduled Job Complete: erpnext.venue.doctype.booking_credit_rule.booking_credit_rule.trigger_after_specific_time for site1.local
2022-02-24 12:52:06,317 INFO scheduler Scheduled Job Start: erpnext.crm.doctype.social_media_post.social_media_post.process_scheduled_social_media_posts for site1.local
2022-02-24 12:52:06,629 INFO scheduler Scheduled Job Complete: erpnext.crm.doctype.social_media_post.social_media_post.process_scheduled_social_media_posts for site1.local
2022-02-24 12:52:06,673 INFO scheduler Scheduled Job Start: erpnext.venue.doctype.item_booking.item_booking.clear_draft_bookings for site1.local
2022-02-24 12:52:07,013 INFO scheduler Scheduled Job Complete: erpnext.venue.doctype.item_booking.item_booking.clear_draft_bookings for site1.local
2022-02-24 12:52:07,062 INFO scheduler Scheduled Job Start: erpnext.projects.doctype.project.project.project_status_update_reminder for site1.local
2022-02-24 12:52:07,408 INFO scheduler Scheduled Job Complete: erpnext.projects.doctype.project.project.project_status_update_reminder for site1.local
2022-02-24 12:52:07,475 INFO scheduler Scheduled Job Start: frappe.monitor.flush for site1.local
2022-02-24 12:52:07,773 INFO scheduler Scheduled Job Complete: frappe.monitor.flush for site1.local
2022-02-24 12:52:07,826 INFO scheduler Scheduled Job Start: frappe.integrations.doctype.google_calendar.google_calendar.sync_all_calendars for site1.local
2022-02-24 12:52:08,072 INFO scheduler Scheduled Job Complete: frappe.integrations.doctype.google_calendar.google_calendar.sync_all_calendars for site1.local
2022-02-24 12:52:08,122 INFO scheduler Scheduled Job Start: frappe.utils.global_search.sync_global_search for site1.local
2022-02-24 12:52:08,362 INFO scheduler Scheduled Job Complete: frappe.utils.global_search.sync_global_search for site1.local
2022-02-24 12:52:08,413 INFO scheduler Scheduled Job Start: frappe.integrations.doctype.razorpay_settings.razorpay_settings.capture_payment for site1.local
2022-02-24 12:52:08,665 INFO scheduler Scheduled Job Complete: frappe.integrations.doctype.razorpay_settings.razorpay_settings.capture_payment for site1.local
2022-02-24 12:52:08,729 INFO scheduler Scheduled Job Start: frappe.email.doctype.email_account.email_account.notify_unreplied for site1.local
2022-02-24 12:52:09,122 INFO scheduler Scheduled Job Complete: frappe.email.doctype.email_account.email_account.notify_unreplied for site1.local
2022-02-24 12:52:09,183 INFO scheduler Scheduled Job Start: frappe.email.doctype.email_account.email_account.pull for site1.local
2022-02-24 12:52:09,530 INFO scheduler Scheduled Job Complete: frappe.email.doctype.email_account.email_account.pull for site1.local
2022-02-24 12:52:09,589 INFO scheduler Scheduled Job Start: frappe.email.queue.flush for site1.local
2022-02-24 12:52:09,856 INFO scheduler Scheduled Job Complete: frappe.email.queue.flush for site1.local
2022-02-24 12:53:06,401 DEBUG scheduler Queued events for site site1.local
2022-02-24 12:54:06,662 DEBUG scheduler Queued events for site site1.local
2022-02-24 12:55:06,957 DEBUG scheduler Queued events for site site1.local
2022-02-24 12:56:07,205 INFO scheduler Scheduled Job Start: erpnext.venue.doctype.booking_credit_rule.booking_credit_rule.trigger_after_specific_time for site1.local
2022-02-24 12:56:07,345 DEBUG scheduler Queued events for site site1.local
2022-02-24 12:56:07,518 INFO scheduler Scheduled Job Complete: erpnext.venue.doctype.booking_credit_rule.booking_credit_rule.trigger_after_specific_time for site1.local
2022-02-24 12:56:07,572 INFO scheduler Scheduled Job Start: erpnext.crm.doctype.social_media_post.social_media_post.process_scheduled_social_media_posts for site1.local
2022-02-24 12:56:07,846 INFO scheduler Scheduled Job Complete: erpnext.crm.doctype.social_media_post.social_media_post.process_scheduled_social_media_posts for site1.local
2022-02-24 12:56:07,899 INFO scheduler Scheduled Job Start: erpnext.venue.doctype.item_booking.item_booking.clear_draft_bookings for site1.local
2022-02-24 12:56:08,168 INFO scheduler Scheduled Job Complete: erpnext.venue.doctype.item_booking.item_booking.clear_draft_bookings for site1.local
2022-02-24 12:56:08,226 INFO scheduler Scheduled Job Start: erpnext.projects.doctype.project.project.project_status_update_reminder for site1.local
2022-02-24 12:56:08,633 INFO scheduler Scheduled Job Complete: erpnext.projects.doctype.project.project.project_status_update_reminder for site1.local
2022-02-24 12:56:08,689 INFO scheduler Scheduled Job Start: frappe.monitor.flush for site1.local
2022-02-24 12:56:08,956 INFO scheduler Scheduled Job Complete: frappe.monitor.flush for site1.local
2022-02-24 12:56:09,008 INFO scheduler Scheduled Job Start: frappe.integrations.doctype.google_calendar.google_calendar.sync_all_calendars for site1.local
2022-02-24 12:56:09,279 INFO scheduler Scheduled Job Complete: frappe.integrations.doctype.google_calendar.google_calendar.sync_all_calendars for site1.local
2022-02-24 12:56:09,332 INFO scheduler Scheduled Job Start: frappe.utils.global_search.sync_global_search for site1.local
2022-02-24 12:56:09,601 INFO scheduler Scheduled Job Complete: frappe.utils.global_search.sync_global_search for site1.local
2022-02-24 12:56:09,667 INFO scheduler Scheduled Job Start: frappe.integrations.doctype.razorpay_settings.razorpay_settings.capture_payment for site1.local
2022-02-24 12:56:09,978 INFO scheduler Scheduled Job Complete: frappe.integrations.doctype.razorpay_settings.razorpay_settings.capture_payment for site1.local
2022-02-24 12:56:10,033 INFO scheduler Scheduled Job Start: frappe.email.doctype.email_account.email_account.notify_unreplied for site1.local
2022-02-24 12:56:10,350 INFO scheduler Scheduled Job Complete: frappe.email.doctype.email_account.email_account.notify_unreplied for site1.local
2022-02-24 12:56:10,419 INFO scheduler Scheduled Job Start: frappe.email.doctype.email_account.email_account.pull for site1.local
2022-02-24 12:56:10,816 INFO scheduler Scheduled Job Complete: frappe.email.doctype.email_account.email_account.pull for site1.local
2022-02-24 12:56:10,877 INFO scheduler Scheduled Job Start: frappe.email.queue.flush for site1.local
2022-02-24 12:56:11,198 INFO scheduler Scheduled Job Complete: frappe.email.queue.flush for site1.local
2022-02-24 12:57:07,578 DEBUG scheduler Queued events for site site1.local
2022-02-24 12:58:07,841 DEBUG scheduler Queued events for site site1.local
2022-02-24 12:59:08,122 DEBUG scheduler Queued events for site site1.local
2022-02-24 13:00:08,379 INFO scheduler Scheduled Job Start: erpnext.stock.doctype.repost_item_valuation.repost_item_valuation.repost_entries for site1.local
2022-02-24 13:00:08,763 INFO scheduler Scheduled Job Complete: erpnext.stock.doctype.repost_item_valuation.repost_item_valuation.repost_entries for site1.local
2022-02-24 13:00:08,866 DEBUG scheduler Queued events for site site1.local
2022-02-24 13:00:08,871 INFO scheduler Scheduled Job Start: erpnext.erpnext_integrations.doctype.woocommerce_settings.woocommerce_settings.sync_woocommerce for site1.local
2022-02-24 13:00:09,546 INFO scheduler Scheduled Job Complete: erpnext.erpnext_integrations.doctype.woocommerce_settings.woocommerce_settings.sync_woocommerce for site1.local
2022-02-24 13:00:09,627 INFO scheduler Scheduled Job Start: erpnext.erpnext_integrations.connectors.shopify_connection.sync_old_orders for site1.local
2022-02-24 13:00:10,312 INFO scheduler Scheduled Job Complete: erpnext.erpnext_integrations.connectors.shopify_connection.sync_old_orders for site1.local
2022-02-24 13:00:10,385 INFO scheduler Scheduled Job Start: erpnext.accounts.doctype.subscription.subscription.update_grand_total for site1.local
2022-02-24 13:00:10,936 INFO scheduler Scheduled Job Complete: erpnext.accounts.doctype.subscription.subscription.update_grand_total for site1.local
2022-02-24 13:00:11,013 INFO scheduler Scheduled Job Start: erpnext.hr.doctype.shift_type.shift_type.process_auto_attendance_for_all_shifts for site1.local
2022-02-24 13:00:11,358 INFO scheduler Scheduled Job Complete: erpnext.hr.doctype.shift_type.shift_type.process_auto_attendance_for_all_shifts for site1.local
2022-02-24 13:00:11,430 INFO scheduler Scheduled Job Start: erpnext.projects.doctype.project.project.collect_project_status for site1.local
2022-02-24 13:00:11,888 INFO scheduler Scheduled Job Complete: erpnext.projects.doctype.project.project.collect_project_status for site1.local
2022-02-24 13:00:11,956 INFO scheduler Scheduled Job Start: erpnext.projects.doctype.project.project.hourly_reminder for site1.local
2022-02-24 13:00:12,377 INFO scheduler Scheduled Job Complete: erpnext.projects.doctype.project.project.hourly_reminder for site1.local
2022-02-24 13:00:12,437 INFO scheduler Scheduled Job Start: erpnext.erpnext_integrations.doctype.plaid_settings.plaid_settings.automatic_synchronization for site1.local
2022-02-24 13:00:12,856 INFO scheduler Scheduled Job Complete: erpnext.erpnext_integrations.doctype.plaid_settings.plaid_settings.automatic_synchronization for site1.local
2022-02-24 13:00:12,930 INFO scheduler Scheduled Job Start: erpnext.erpnext_integrations.doctype.amazon_mws_settings.amazon_mws_settings.schedule_get_order_details for site1.local
2022-02-24 13:00:13,406 INFO scheduler Scheduled Job Complete: erpnext.erpnext_integrations.doctype.amazon_mws_settings.amazon_mws_settings.schedule_get_order_details for site1.local
2022-02-24 13:00:13,468 INFO scheduler Scheduled Job Start: erpnext.accounts.doctype.subscription.subscription.process_all for site1.local
2022-02-24 13:00:14,105 INFO scheduler Scheduled Job Complete: erpnext.accounts.doctype.subscription.subscription.process_all for site1.local
2022-02-24 13:00:14,163 INFO scheduler Scheduled Job Start: erpnext.hr.doctype.daily_work_summary_group.daily_work_summary_group.trigger_emails for site1.local
2022-02-24 13:00:14,496 INFO scheduler Scheduled Job Complete: erpnext.hr.doctype.daily_work_summary_group.daily_work_summary_group.trigger_emails for site1.local
2022-02-24 13:00:14,565 INFO scheduler Scheduled Job Start: erpnext.venue.doctype.booking_credit_rule.booking_credit_rule.trigger_after_specific_time for site1.local
2022-02-24 13:00:14,843 INFO scheduler Scheduled Job Complete: erpnext.venue.doctype.booking_credit_rule.booking_credit_rule.trigger_after_specific_time for site1.local
2022-02-24 13:00:14,900 INFO scheduler Scheduled Job Start: erpnext.crm.doctype.social_media_post.social_media_post.process_scheduled_social_media_posts for site1.local
2022-02-24 13:00:15,144 INFO scheduler Scheduled Job Complete: erpnext.crm.doctype.social_media_post.social_media_post.process_scheduled_social_media_posts for site1.local
2022-02-24 13:00:15,193 INFO scheduler Scheduled Job Start: erpnext.venue.doctype.item_booking.item_booking.clear_draft_bookings for site1.local
2022-02-24 13:00:15,451 INFO scheduler Scheduled Job Complete: erpnext.venue.doctype.item_booking.item_booking.clear_draft_bookings for site1.local
2022-02-24 13:00:15,515 INFO scheduler Scheduled Job Start: erpnext.projects.doctype.project.project.project_status_update_reminder for site1.local
2022-02-24 13:00:15,880 INFO scheduler Scheduled Job Complete: erpnext.projects.doctype.project.project.project_status_update_reminder for site1.local
2022-02-24 13:00:15,946 INFO scheduler Scheduled Job Start: erpnext.utilities.doctype.video.video.update_youtube_data for site1.local
2022-02-24 13:00:16,495 INFO scheduler Scheduled Job Failed: erpnext.utilities.doctype.video.video.update_youtube_data for site1.local
2022-02-24 13:00:16,569 INFO scheduler Scheduled Job Start: frappe.email.doctype.newsletter.newsletter.send_scheduled_email for site1.local
2022-02-24 13:00:16,996 INFO scheduler Scheduled Job Complete: frappe.email.doctype.newsletter.newsletter.send_scheduled_email for site1.local
2022-02-24 13:00:17,076 INFO scheduler Scheduled Job Start: frappe.desk.form.document_follow.send_hourly_updates for site1.local
2022-02-24 13:00:17,371 INFO scheduler Scheduled Job Complete: frappe.desk.form.document_follow.send_hourly_updates for site1.local
2022-02-24 13:00:17,443 INFO scheduler Scheduled Job Start: frappe.deferred_insert.save_to_db for site1.local
2022-02-24 13:00:17,892 INFO scheduler Scheduled Job Complete: frappe.deferred_insert.save_to_db for site1.local
2022-02-24 13:00:17,970 INFO scheduler Scheduled Job Start: frappe.limits.update_site_usage for site1.local
2022-02-24 13:00:18,422 INFO scheduler Scheduled Job Complete: frappe.limits.update_site_usage for site1.local
2022-02-24 13:00:18,485 INFO scheduler Scheduled Job Start: frappe.limits.update_space_usage for site1.local
2022-02-24 13:00:18,812 INFO scheduler Scheduled Job Complete: frappe.limits.update_space_usage for site1.local
2022-02-24 13:00:18,887 INFO scheduler Scheduled Job Start: frappe.desk.page.backups.backups.delete_downloadable_backups for site1.local
2022-02-24 13:00:19,187 INFO scheduler Scheduled Job Complete: frappe.desk.page.backups.backups.delete_downloadable_backups for site1.local
2022-02-24 13:00:19,260 INFO scheduler Scheduled Job Start: frappe.utils.error.collect_error_snapshots for site1.local
2022-02-24 13:00:19,604 INFO scheduler Scheduled Job Complete: frappe.utils.error.collect_error_snapshots for site1.local
2022-02-24 13:00:19,660 INFO scheduler Scheduled Job Start: frappe.model.utils.user_settings.sync_user_settings for site1.local
2022-02-24 13:00:19,937 INFO scheduler Scheduled Job Complete: frappe.model.utils.user_settings.sync_user_settings for site1.local
2022-02-24 13:00:19,987 INFO scheduler Scheduled Job Start: frappe.model.utils.link_count.update_link_count for site1.local
2022-02-24 13:00:20,333 INFO scheduler Scheduled Job Complete: frappe.model.utils.link_count.update_link_count for site1.local
2022-02-24 13:00:20,392 INFO scheduler Scheduled Job Start: frappe.monitor.flush for site1.local
2022-02-24 13:00:20,675 INFO scheduler Scheduled Job Complete: frappe.monitor.flush for site1.local
2022-02-24 13:00:20,723 INFO scheduler Scheduled Job Start: frappe.integrations.doctype.google_calendar.google_calendar.sync_all_calendars for site1.local
2022-02-24 13:00:20,965 INFO scheduler Scheduled Job Complete: frappe.integrations.doctype.google_calendar.google_calendar.sync_all_calendars for site1.local
2022-02-24 13:00:21,017 INFO scheduler Scheduled Job Start: frappe.utils.global_search.sync_global_search for site1.local
2022-02-24 13:00:21,357 INFO scheduler Scheduled Job Complete: frappe.utils.global_search.sync_global_search for site1.local
2022-02-24 13:00:21,417 INFO scheduler Scheduled Job Start: frappe.integrations.doctype.razorpay_settings.razorpay_settings.capture_payment for site1.local
2022-02-24 13:00:21,683 INFO scheduler Scheduled Job Complete: frappe.integrations.doctype.razorpay_settings.razorpay_settings.capture_payment for site1.local
2022-02-24 13:00:21,741 INFO scheduler Scheduled Job Start: frappe.email.doctype.email_account.email_account.notify_unreplied for site1.local
2022-02-24 13:00:21,999 INFO scheduler Scheduled Job Complete: frappe.email.doctype.email_account.email_account.notify_unreplied for site1.local
2022-02-24 13:00:22,045 INFO scheduler Scheduled Job Start: frappe.email.doctype.email_account.email_account.pull for site1.local
2022-02-24 13:00:22,322 INFO scheduler Scheduled Job Complete: frappe.email.doctype.email_account.email_account.pull for site1.local
2022-02-24 13:00:22,371 INFO scheduler Scheduled Job Start: frappe.email.queue.flush for site1.local
2022-02-24 13:00:22,619 INFO scheduler Scheduled Job Complete: frappe.email.queue.flush for site1.local
2022-02-24 13:00:22,670 INFO scheduler Scheduled Job Start: frappe.twofactor.delete_all_barcodes_for_users for site1.local
2022-02-24 13:00:22,986 INFO scheduler Scheduled Job Complete: frappe.twofactor.delete_all_barcodes_for_users for site1.local
2022-02-24 13:00:23,056 INFO scheduler Scheduled Job Start: frappe.website.doctype.web_page.web_page.check_publish_status for site1.local
2022-02-24 13:00:23,488 INFO scheduler Scheduled Job Complete: frappe.website.doctype.web_page.web_page.check_publish_status for site1.local
2022-02-24 13:00:23,552 INFO scheduler Scheduled Job Start: frappe.oauth.delete_oauth2_data for site1.local
2022-02-24 13:00:23,895 INFO scheduler Scheduled Job Complete: frappe.oauth.delete_oauth2_data for site1.local
2022-02-24 13:01:09,182 DEBUG scheduler Queued events for site site1.local
2022-02-24 13:02:09,506 DEBUG scheduler Queued events for site site1.local
2022-02-24 13:03:09,745 DEBUG scheduler Queued events for site site1.local
2022-02-24 13:04:09,948 INFO scheduler Scheduled Job Start: erpnext.venue.doctype.booking_credit_rule.booking_credit_rule.trigger_after_specific_time for site1.local
2022-02-24 13:04:10,023 DEBUG scheduler Queued events for site site1.local
2022-02-24 13:04:10,208 INFO scheduler Scheduled Job Complete: erpnext.venue.doctype.booking_credit_rule.booking_credit_rule.trigger_after_specific_time for site1.local
2022-02-24 13:04:10,253 INFO scheduler Scheduled Job Start: erpnext.crm.doctype.social_media_post.social_media_post.process_scheduled_social_media_posts for site1.local
2022-02-24 13:04:10,484 INFO scheduler Scheduled Job Complete: erpnext.crm.doctype.social_media_post.social_media_post.process_scheduled_social_media_posts for site1.local
2022-02-24 13:04:10,542 INFO scheduler Scheduled Job Start: erpnext.venue.doctype.item_booking.item_booking.clear_draft_bookings for site1.local
2022-02-24 13:04:10,773 INFO scheduler Scheduled Job Complete: erpnext.venue.doctype.item_booking.item_booking.clear_draft_bookings for site1.local
2022-02-24 13:04:10,816 INFO scheduler Scheduled Job Start: erpnext.projects.doctype.project.project.project_status_update_reminder for site1.local
2022-02-24 13:04:11,093 INFO scheduler Scheduled Job Complete: erpnext.projects.doctype.project.project.project_status_update_reminder for site1.local
2022-02-24 13:04:11,140 INFO scheduler Scheduled Job Start: frappe.monitor.flush for site1.local
2022-02-24 13:04:11,356 INFO scheduler Scheduled Job Complete: frappe.monitor.flush for site1.local
2022-02-24 13:04:11,415 INFO scheduler Scheduled Job Start: frappe.integrations.doctype.google_calendar.google_calendar.sync_all_calendars for site1.local
2022-02-24 13:04:11,642 INFO scheduler Scheduled Job Complete: frappe.integrations.doctype.google_calendar.google_calendar.sync_all_calendars for site1.local
2022-02-24 13:04:11,689 INFO scheduler Scheduled Job Start: frappe.utils.global_search.sync_global_search for site1.local
2022-02-24 13:04:11,919 INFO scheduler Scheduled Job Complete: frappe.utils.global_search.sync_global_search for site1.local
2022-02-24 13:04:11,963 INFO scheduler Scheduled Job Start: frappe.integrations.doctype.razorpay_settings.razorpay_settings.capture_payment for site1.local
2022-02-24 13:04:12,192 INFO scheduler Scheduled Job Complete: frappe.integrations.doctype.razorpay_settings.razorpay_settings.capture_payment for site1.local
2022-02-24 13:04:12,250 INFO scheduler Scheduled Job Start: frappe.email.doctype.email_account.email_account.notify_unreplied for site1.local
2022-02-24 13:04:12,526 INFO scheduler Scheduled Job Complete: frappe.email.doctype.email_account.email_account.notify_unreplied for site1.local
2022-02-24 13:04:12,573 INFO scheduler Scheduled Job Start: frappe.email.doctype.email_account.email_account.pull for site1.local
2022-02-24 13:04:12,842 INFO scheduler Scheduled Job Complete: frappe.email.doctype.email_account.email_account.pull for site1.local
2022-02-24 13:04:12,886 INFO scheduler Scheduled Job Start: frappe.email.queue.flush for site1.local
2022-02-24 13:04:13,107 INFO scheduler Scheduled Job Complete: frappe.email.queue.flush for site1.local
2022-02-24 13:05:10,320 DEBUG scheduler Queued events for site site1.local
2022-02-24 13:06:10,597 DEBUG scheduler Queued events for site site1.local
2022-02-24 13:07:10,861 DEBUG scheduler Queued events for site site1.local
2022-02-24 13:08:11,103 INFO scheduler Scheduled Job Start: erpnext.venue.doctype.booking_credit_rule.booking_credit_rule.trigger_after_specific_time for site1.local
2022-02-24 13:08:11,209 DEBUG scheduler Queued events for site site1.local
2022-02-24 13:08:11,399 INFO scheduler Scheduled Job Complete: erpnext.venue.doctype.booking_credit_rule.booking_credit_rule.trigger_after_specific_time for site1.local
2022-02-24 13:08:11,447 INFO scheduler Scheduled Job Start: erpnext.crm.doctype.social_media_post.social_media_post.process_scheduled_social_media_posts for site1.local
2022-02-24 13:08:11,681 INFO scheduler Scheduled Job Complete: erpnext.crm.doctype.social_media_post.social_media_post.process_scheduled_social_media_posts for site1.local
2022-02-24 13:08:11,725 INFO scheduler Scheduled Job Start: erpnext.venue.doctype.item_booking.item_booking.clear_draft_bookings for site1.local
2022-02-24 13:08:11,948 INFO scheduler Scheduled Job Complete: erpnext.venue.doctype.item_booking.item_booking.clear_draft_bookings for site1.local
2022-02-24 13:08:12,006 INFO scheduler Scheduled Job Start: erpnext.projects.doctype.project.project.project_status_update_reminder for site1.local
2022-02-24 13:08:12,280 INFO scheduler Scheduled Job Complete: erpnext.projects.doctype.project.project.project_status_update_reminder for site1.local
2022-02-24 13:08:12,324 INFO scheduler Scheduled Job Start: frappe.monitor.flush for site1.local
2022-02-24 13:08:12,530 INFO scheduler Scheduled Job Complete: frappe.monitor.flush for site1.local
2022-02-24 13:08:12,572 INFO scheduler Scheduled Job Start: frappe.integrations.doctype.google_calendar.google_calendar.sync_all_calendars for site1.local
2022-02-24 13:08:12,788 INFO scheduler Scheduled Job Complete: frappe.integrations.doctype.google_calendar.google_calendar.sync_all_calendars for site1.local
2022-02-24 13:08:12,832 INFO scheduler Scheduled Job Start: frappe.utils.global_search.sync_global_search for site1.local
2022-02-24 13:08:13,045 INFO scheduler Scheduled Job Complete: frappe.utils.global_search.sync_global_search for site1.local
2022-02-24 13:08:13,092 INFO scheduler Scheduled Job Start: frappe.integrations.doctype.razorpay_settings.razorpay_settings.capture_payment for site1.local
2022-02-24 13:08:13,333 INFO scheduler Scheduled Job Complete: frappe.integrations.doctype.razorpay_settings.razorpay_settings.capture_payment for site1.local
2022-02-24 13:08:13,381 INFO scheduler Scheduled Job Start: frappe.email.doctype.email_account.email_account.notify_unreplied for site1.local
2022-02-24 13:08:13,646 INFO scheduler Scheduled Job Complete: frappe.email.doctype.email_account.email_account.notify_unreplied for site1.local
2022-02-24 13:08:13,691 INFO scheduler Scheduled Job Start: frappe.email.doctype.email_account.email_account.pull for site1.local
2022-02-24 13:08:13,949 INFO scheduler Scheduled Job Complete: frappe.email.doctype.email_account.email_account.pull for site1.local
2022-02-24 13:08:13,997 INFO scheduler Scheduled Job Start: frappe.email.queue.flush for site1.local
2022-02-24 13:08:14,219 INFO scheduler Scheduled Job Complete: frappe.email.queue.flush for site1.local
2022-02-24 13:09:11,475 DEBUG scheduler Queued events for site site1.local
2022-02-24 13:10:11,749 DEBUG scheduler Queued events for site site1.local
2022-02-24 13:11:11,995 DEBUG scheduler Queued events for site site1.local
2022-02-24 13:12:12,188 INFO scheduler Scheduled Job Start: erpnext.venue.doctype.booking_credit_rule.booking_credit_rule.trigger_after_specific_time for site1.local
2022-02-24 13:12:12,269 DEBUG scheduler Queued events for site site1.local
2022-02-24 13:12:12,423 INFO scheduler Scheduled Job Complete: erpnext.venue.doctype.booking_credit_rule.booking_credit_rule.trigger_after_specific_time for site1.local
2022-02-24 13:12:12,468 INFO scheduler Scheduled Job Start: erpnext.crm.doctype.social_media_post.social_media_post.process_scheduled_social_media_posts for site1.local
2022-02-24 13:12:12,688 INFO scheduler Scheduled Job Complete: erpnext.crm.doctype.social_media_post.social_media_post.process_scheduled_social_media_posts for site1.local
2022-02-24 13:12:12,735 INFO scheduler Scheduled Job Start: erpnext.venue.doctype.item_booking.item_booking.clear_draft_bookings for site1.local
2022-02-24 13:12:12,966 INFO scheduler Scheduled Job Complete: erpnext.venue.doctype.item_booking.item_booking.clear_draft_bookings for site1.local
2022-02-24 13:12:13,011 INFO scheduler Scheduled Job Start: erpnext.projects.doctype.project.project.project_status_update_reminder for site1.local
2022-02-24 13:12:13,381 INFO scheduler Scheduled Job Complete: erpnext.projects.doctype.project.project.project_status_update_reminder for site1.local
2022-02-24 13:12:13,432 INFO scheduler Scheduled Job Start: frappe.monitor.flush for site1.local
2022-02-24 13:12:13,693 INFO scheduler Scheduled Job Complete: frappe.monitor.flush for site1.local
2022-02-24 13:12:13,738 INFO scheduler Scheduled Job Start: frappe.integrations.doctype.google_calendar.google_calendar.sync_all_calendars for site1.local
2022-02-24 13:12:13,972 INFO scheduler Scheduled Job Complete: frappe.integrations.doctype.google_calendar.google_calendar.sync_all_calendars for site1.local
2022-02-24 13:12:14,018 INFO scheduler Scheduled Job Start: frappe.utils.global_search.sync_global_search for site1.local
2022-02-24 13:12:14,237 INFO scheduler Scheduled Job Complete: frappe.utils.global_search.sync_global_search for site1.local
2022-02-24 13:12:14,297 INFO scheduler Scheduled Job Start: frappe.integrations.doctype.razorpay_settings.razorpay_settings.capture_payment for site1.local
2022-02-24 13:12:14,575 INFO scheduler Scheduled Job Complete: frappe.integrations.doctype.razorpay_settings.razorpay_settings.capture_payment for site1.local
2022-02-24 13:12:14,620 INFO scheduler Scheduled Job Start: frappe.email.doctype.email_account.email_account.notify_unreplied for site1.local
2022-02-24 13:12:14,851 INFO scheduler Scheduled Job Complete: frappe.email.doctype.email_account.email_account.notify_unreplied for site1.local
2022-02-24 13:12:14,893 INFO scheduler Scheduled Job Start: frappe.email.doctype.email_account.email_account.pull for site1.local
2022-02-24 13:12:15,136 INFO scheduler Scheduled Job Complete: frappe.email.doctype.email_account.email_account.pull for site1.local
2022-02-24 13:12:15,182 INFO scheduler Scheduled Job Start: frappe.email.queue.flush for site1.local
2022-02-24 13:12:15,407 INFO scheduler Scheduled Job Complete: frappe.email.queue.flush for site1.local
2022-02-24 13:13:12,497 DEBUG scheduler Queued events for site site1.local
2022-02-24 13:14:12,726 DEBUG scheduler Queued events for site site1.local
2022-02-24 13:15:13,018 DEBUG scheduler Queued events for site site1.local
2022-02-24 13:15:13,046 INFO scheduler Scheduled Job Start: frappe.twofactor.delete_all_barcodes_for_users for site1.local
2022-02-24 13:15:13,372 INFO scheduler Scheduled Job Complete: frappe.twofactor.delete_all_barcodes_for_users for site1.local
2022-02-24 13:15:13,431 INFO scheduler Scheduled Job Start: frappe.website.doctype.web_page.web_page.check_publish_status for site1.local
2022-02-24 13:15:13,810 INFO scheduler Scheduled Job Complete: frappe.website.doctype.web_page.web_page.check_publish_status for site1.local
2022-02-24 13:15:13,888 INFO scheduler Scheduled Job Start: frappe.oauth.delete_oauth2_data for site1.local
2022-02-24 13:15:14,225 INFO scheduler Scheduled Job Complete: frappe.oauth.delete_oauth2_data for site1.local
2022-02-24 13:16:13,240 INFO scheduler Scheduled Job Start: erpnext.venue.doctype.booking_credit_rule.booking_credit_rule.trigger_after_specific_time for site1.local
2022-02-24 13:16:13,375 DEBUG scheduler Queued events for site site1.local
2022-02-24 13:16:13,565 INFO scheduler Scheduled Job Complete: erpnext.venue.doctype.booking_credit_rule.booking_credit_rule.trigger_after_specific_time for site1.local
2022-02-24 13:16:13,623 INFO scheduler Scheduled Job Start: erpnext.crm.doctype.social_media_post.social_media_post.process_scheduled_social_media_posts for site1.local
2022-02-24 13:16:13,891 INFO scheduler Scheduled Job Complete: erpnext.crm.doctype.social_media_post.social_media_post.process_scheduled_social_media_posts for site1.local
2022-02-24 13:16:13,942 INFO scheduler Scheduled Job Start: erpnext.venue.doctype.item_booking.item_booking.clear_draft_bookings for site1.local
2022-02-24 13:16:14,197 INFO scheduler Scheduled Job Complete: erpnext.venue.doctype.item_booking.item_booking.clear_draft_bookings for site1.local
2022-02-24 13:16:14,257 INFO scheduler Scheduled Job Start: erpnext.projects.doctype.project.project.project_status_update_reminder for site1.local
2022-02-24 13:16:14,641 INFO scheduler Scheduled Job Complete: erpnext.projects.doctype.project.project.project_status_update_reminder for site1.local
2022-02-24 13:16:14,698 INFO scheduler Scheduled Job Start: frappe.monitor.flush for site1.local
2022-02-24 13:16:15,048 INFO scheduler Scheduled Job Complete: frappe.monitor.flush for site1.local
2022-02-24 13:16:15,113 INFO scheduler Scheduled Job Start: frappe.integrations.doctype.google_calendar.google_calendar.sync_all_calendars for site1.local
2022-02-24 13:16:15,382 INFO scheduler Scheduled Job Complete: frappe.integrations.doctype.google_calendar.google_calendar.sync_all_calendars for site1.local
2022-02-24 13:16:15,450 INFO scheduler Scheduled Job Start: frappe.utils.global_search.sync_global_search for site1.local
2022-02-24 13:16:15,792 INFO scheduler Scheduled Job Complete: frappe.utils.global_search.sync_global_search for site1.local
2022-02-24 13:16:15,856 INFO scheduler Scheduled Job Start: frappe.integrations.doctype.razorpay_settings.razorpay_settings.capture_payment for site1.local
2022-02-24 13:16:16,129 INFO scheduler Scheduled Job Complete: frappe.integrations.doctype.razorpay_settings.razorpay_settings.capture_payment for site1.local
2022-02-24 13:16:16,177 INFO scheduler Scheduled Job Start: frappe.email.doctype.email_account.email_account.notify_unreplied for site1.local
2022-02-24 13:16:16,483 INFO scheduler Scheduled Job Complete: frappe.email.doctype.email_account.email_account.notify_unreplied for site1.local
2022-02-24 13:16:16,549 INFO scheduler Scheduled Job Start: frappe.email.doctype.email_account.email_account.pull for site1.local
2022-02-24 13:16:16,929 INFO scheduler Scheduled Job Complete: frappe.email.doctype.email_account.email_account.pull for site1.local
2022-02-24 13:16:16,992 INFO scheduler Scheduled Job Start: frappe.email.queue.flush for site1.local
2022-02-24 13:16:17,308 INFO scheduler Scheduled Job Complete: frappe.email.queue.flush for site1.local
2022-02-24 13:17:13,668 DEBUG scheduler Queued events for site site1.local
2022-02-24 13:18:13,945 DEBUG scheduler Queued events for site site1.local
2022-02-24 13:19:14,231 DEBUG scheduler Queued events for site site1.local
2022-02-24 13:20:14,494 INFO scheduler Scheduled Job Start: erpnext.venue.doctype.booking_credit_rule.booking_credit_rule.trigger_after_specific_time for site1.local
2022-02-24 13:20:14,636 DEBUG scheduler Queued events for site site1.local
2022-02-24 13:20:14,786 INFO scheduler Scheduled Job Complete: erpnext.venue.doctype.booking_credit_rule.booking_credit_rule.trigger_after_specific_time for site1.local
2022-02-24 13:20:14,854 INFO scheduler Scheduled Job Start: erpnext.crm.doctype.social_media_post.social_media_post.process_scheduled_social_media_posts for site1.local
2022-02-24 13:20:15,127 INFO scheduler Scheduled Job Complete: erpnext.crm.doctype.social_media_post.social_media_post.process_scheduled_social_media_posts for site1.local
2022-02-24 13:20:15,191 INFO scheduler Scheduled Job Start: erpnext.venue.doctype.item_booking.item_booking.clear_draft_bookings for site1.local
2022-02-24 13:20:15,453 INFO scheduler Scheduled Job Complete: erpnext.venue.doctype.item_booking.item_booking.clear_draft_bookings for site1.local
2022-02-24 13:20:15,525 INFO scheduler Scheduled Job Start: erpnext.projects.doctype.project.project.project_status_update_reminder for site1.local
2022-02-24 13:20:15,883 INFO scheduler Scheduled Job Complete: erpnext.projects.doctype.project.project.project_status_update_reminder for site1.local
2022-02-24 13:20:15,933 INFO scheduler Scheduled Job Start: frappe.monitor.flush for site1.local
2022-02-24 13:20:16,272 INFO scheduler Scheduled Job Complete: frappe.monitor.flush for site1.local
2022-02-24 13:20:16,335 INFO scheduler Scheduled Job Start: frappe.integrations.doctype.google_calendar.google_calendar.sync_all_calendars for site1.local
2022-02-24 13:20:16,689 INFO scheduler Scheduled Job Complete: frappe.integrations.doctype.google_calendar.google_calendar.sync_all_calendars for site1.local
2022-02-24 13:20:16,739 INFO scheduler Scheduled Job Start: frappe.utils.global_search.sync_global_search for site1.local
2022-02-24 13:20:17,060 INFO scheduler Scheduled Job Complete: frappe.utils.global_search.sync_global_search for site1.local
2022-02-24 13:20:17,128 INFO scheduler Scheduled Job Start: frappe.integrations.doctype.razorpay_settings.razorpay_settings.capture_payment for site1.local
2022-02-24 13:20:17,488 INFO scheduler Scheduled Job Complete: frappe.integrations.doctype.razorpay_settings.razorpay_settings.capture_payment for site1.local
2022-02-24 13:20:17,546 INFO scheduler Scheduled Job Start: frappe.email.doctype.email_account.email_account.notify_unreplied for site1.local
2022-02-24 13:20:17,890 INFO scheduler Scheduled Job Complete: frappe.email.doctype.email_account.email_account.notify_unreplied for site1.local
2022-02-24 13:20:17,943 INFO scheduler Scheduled Job Start: frappe.email.doctype.email_account.email_account.pull for site1.local
2022-02-24 13:20:18,243 INFO scheduler Scheduled Job Complete: frappe.email.doctype.email_account.email_account.pull for site1.local
2022-02-24 13:20:18,302 INFO scheduler Scheduled Job Start: frappe.email.queue.flush for site1.local
2022-02-24 13:20:18,635 INFO scheduler Scheduled Job Complete: frappe.email.queue.flush for site1.local
2022-02-24 13:21:14,954 DEBUG scheduler Queued events for site site1.local
2022-02-24 13:22:15,198 DEBUG scheduler Queued events for site site1.local
2022-02-24 13:23:15,475 DEBUG scheduler Queued events for site site1.local
2022-02-24 13:24:15,696 INFO scheduler Scheduled Job Start: erpnext.venue.doctype.booking_credit_rule.booking_credit_rule.trigger_after_specific_time for site1.local
2022-02-24 13:24:15,782 DEBUG scheduler Queued events for site site1.local
2022-02-24 13:24:15,924 INFO scheduler Scheduled Job Complete: erpnext.venue.doctype.booking_credit_rule.booking_credit_rule.trigger_after_specific_time for site1.local
2022-02-24 13:24:15,984 INFO scheduler Scheduled Job Start: erpnext.crm.doctype.social_media_post.social_media_post.process_scheduled_social_media_posts for site1.local
2022-02-24 13:24:16,215 INFO scheduler Scheduled Job Complete: erpnext.crm.doctype.social_media_post.social_media_post.process_scheduled_social_media_posts for site1.local
2022-02-24 13:24:16,261 INFO scheduler Scheduled Job Start: erpnext.venue.doctype.item_booking.item_booking.clear_draft_bookings for site1.local
2022-02-24 13:24:16,485 INFO scheduler Scheduled Job Complete: erpnext.venue.doctype.item_booking.item_booking.clear_draft_bookings for site1.local
2022-02-24 13:24:16,531 INFO scheduler Scheduled Job Start: erpnext.projects.doctype.project.project.project_status_update_reminder for site1.local
2022-02-24 13:24:16,851 INFO scheduler Scheduled Job Complete: erpnext.projects.doctype.project.project.project_status_update_reminder for site1.local
2022-02-24 13:24:16,895 INFO scheduler Scheduled Job Start: frappe.monitor.flush for site1.local
2022-02-24 13:24:17,118 INFO scheduler Scheduled Job Complete: frappe.monitor.flush for site1.local
2022-02-24 13:24:17,163 INFO scheduler Scheduled Job Start: frappe.integrations.doctype.google_calendar.google_calendar.sync_all_calendars for site1.local
2022-02-24 13:24:17,441 INFO scheduler Scheduled Job Complete: frappe.integrations.doctype.google_calendar.google_calendar.sync_all_calendars for site1.local
2022-02-24 13:24:17,487 INFO scheduler Scheduled Job Start: frappe.utils.global_search.sync_global_search for site1.local
2022-02-24 13:24:17,723 INFO scheduler Scheduled Job Complete: frappe.utils.global_search.sync_global_search for site1.local
2022-02-24 13:24:17,768 INFO scheduler Scheduled Job Start: frappe.integrations.doctype.razorpay_settings.razorpay_settings.capture_payment for site1.local
2022-02-24 13:24:17,998 INFO scheduler Scheduled Job Complete: frappe.integrations.doctype.razorpay_settings.razorpay_settings.capture_payment for site1.local
2022-02-24 13:24:18,045 INFO scheduler Scheduled Job Start: frappe.email.doctype.email_account.email_account.notify_unreplied for site1.local
2022-02-24 13:24:18,282 INFO scheduler Scheduled Job Complete: frappe.email.doctype.email_account.email_account.notify_unreplied for site1.local
2022-02-24 13:24:18,328 INFO scheduler Scheduled Job Start: frappe.email.doctype.email_account.email_account.pull for site1.local
2022-02-24 13:24:18,581 INFO scheduler Scheduled Job Complete: frappe.email.doctype.email_account.email_account.pull for site1.local
2022-02-24 13:24:18,624 INFO scheduler Scheduled Job Start: frappe.email.queue.flush for site1.local
2022-02-24 13:24:18,895 INFO scheduler Scheduled Job Complete: frappe.email.queue.flush for site1.local
2022-02-24 13:25:16,041 DEBUG scheduler Queued events for site site1.local
2022-02-24 13:26:16,277 DEBUG scheduler Queued events for site site1.local
2022-02-24 13:27:16,514 DEBUG scheduler Queued events for site site1.local
2022-02-24 13:28:16,758 INFO scheduler Scheduled Job Start: erpnext.venue.doctype.booking_credit_rule.booking_credit_rule.trigger_after_specific_time for site1.local
2022-02-24 13:28:16,895 DEBUG scheduler Queued events for site site1.local
2022-02-24 13:28:17,128 INFO scheduler Scheduled Job Complete: erpnext.venue.doctype.booking_credit_rule.booking_credit_rule.trigger_after_specific_time for site1.local
2022-02-24 13:28:17,189 INFO scheduler Scheduled Job Start: erpnext.crm.doctype.social_media_post.social_media_post.process_scheduled_social_media_posts for site1.local
2022-02-24 13:28:17,490 INFO scheduler Scheduled Job Complete: erpnext.crm.doctype.social_media_post.social_media_post.process_scheduled_social_media_posts for site1.local
2022-02-24 13:28:17,536 INFO scheduler Scheduled Job Start: erpnext.venue.doctype.item_booking.item_booking.clear_draft_bookings for site1.local
2022-02-24 13:28:17,850 INFO scheduler Scheduled Job Complete: erpnext.venue.doctype.item_booking.item_booking.clear_draft_bookings for site1.local
2022-02-24 13:28:17,910 INFO scheduler Scheduled Job Start: erpnext.projects.doctype.project.project.project_status_update_reminder for site1.local
2022-02-24 13:28:18,229 INFO scheduler Scheduled Job Complete: erpnext.projects.doctype.project.project.project_status_update_reminder for site1.local
2022-02-24 13:28:18,277 INFO scheduler Scheduled Job Start: frappe.monitor.flush for site1.local
2022-02-24 13:28:18,494 INFO scheduler Scheduled Job Complete: frappe.monitor.flush for site1.local
2022-02-24 13:28:18,540 INFO scheduler Scheduled Job Start: frappe.integrations.doctype.google_calendar.google_calendar.sync_all_calendars for site1.local
2022-02-24 13:28:18,781 INFO scheduler Scheduled Job Complete: frappe.integrations.doctype.google_calendar.google_calendar.sync_all_calendars for site1.local
2022-02-24 13:28:18,843 INFO scheduler Scheduled Job Start: frappe.utils.global_search.sync_global_search for site1.local
2022-02-24 13:28:19,127 INFO scheduler Scheduled Job Complete: frappe.utils.global_search.sync_global_search for site1.local
2022-02-24 13:28:19,183 INFO scheduler Scheduled Job Start: frappe.integrations.doctype.razorpay_settings.razorpay_settings.capture_payment for site1.local
2022-02-24 13:28:19,443 INFO scheduler Scheduled Job Complete: frappe.integrations.doctype.razorpay_settings.razorpay_settings.capture_payment for site1.local
2022-02-24 13:28:19,507 INFO scheduler Scheduled Job Start: frappe.email.doctype.email_account.email_account.notify_unreplied for site1.local
2022-02-24 13:28:19,898 INFO scheduler Scheduled Job Complete: frappe.email.doctype.email_account.email_account.notify_unreplied for site1.local
2022-02-24 13:28:19,960 INFO scheduler Scheduled Job Start: frappe.email.doctype.email_account.email_account.pull for site1.local
2022-02-24 13:28:20,234 INFO scheduler Scheduled Job Complete: frappe.email.doctype.email_account.email_account.pull for site1.local
2022-02-24 13:28:20,281 INFO scheduler Scheduled Job Start: frappe.email.queue.flush for site1.local
2022-02-24 13:28:20,507 INFO scheduler Scheduled Job Complete: frappe.email.queue.flush for site1.local
2022-02-24 13:29:17,136 DEBUG scheduler Queued events for site site1.local
2022-02-24 13:30:17,396 INFO scheduler Scheduled Job Start: erpnext.utilities.doctype.video.video.update_youtube_data for site1.local
2022-02-24 13:30:17,492 DEBUG scheduler Queued events for site site1.local
2022-02-24 13:30:17,780 INFO scheduler Scheduled Job Failed: erpnext.utilities.doctype.video.video.update_youtube_data for site1.local
2022-02-24 13:30:17,842 INFO scheduler Scheduled Job Start: frappe.twofactor.delete_all_barcodes_for_users for site1.local
2022-02-24 13:30:18,153 INFO scheduler Scheduled Job Complete: frappe.twofactor.delete_all_barcodes_for_users for site1.local
2022-02-24 13:30:18,208 INFO scheduler Scheduled Job Start: frappe.website.doctype.web_page.web_page.check_publish_status for site1.local
2022-02-24 13:30:18,577 INFO scheduler Scheduled Job Complete: frappe.website.doctype.web_page.web_page.check_publish_status for site1.local
2022-02-24 13:30:18,625 INFO scheduler Scheduled Job Start: frappe.oauth.delete_oauth2_data for site1.local
2022-02-24 13:30:18,953 INFO scheduler Scheduled Job Complete: frappe.oauth.delete_oauth2_data for site1.local
2022-02-24 13:31:17,771 DEBUG scheduler Queued events for site site1.local
2022-02-24 13:32:17,973 INFO scheduler Scheduled Job Start: erpnext.venue.doctype.booking_credit_rule.booking_credit_rule.trigger_after_specific_time for site1.local
2022-02-24 13:32:18,058 DEBUG scheduler Queued events for site site1.local
2022-02-24 13:32:18,212 INFO scheduler Scheduled Job Complete: erpnext.venue.doctype.booking_credit_rule.booking_credit_rule.trigger_after_specific_time for site1.local
2022-02-24 13:32:18,273 INFO scheduler Scheduled Job Start: erpnext.crm.doctype.social_media_post.social_media_post.process_scheduled_social_media_posts for site1.local
2022-02-24 13:32:18,558 INFO scheduler Scheduled Job Complete: erpnext.crm.doctype.social_media_post.social_media_post.process_scheduled_social_media_posts for site1.local
2022-02-24 13:32:18,610 INFO scheduler Scheduled Job Start: erpnext.venue.doctype.item_booking.item_booking.clear_draft_bookings for site1.local
2022-02-24 13:32:18,876 INFO scheduler Scheduled Job Complete: erpnext.venue.doctype.item_booking.item_booking.clear_draft_bookings for site1.local
2022-02-24 13:32:18,923 INFO scheduler Scheduled Job Start: erpnext.projects.doctype.project.project.project_status_update_reminder for site1.local
2022-02-24 13:32:19,235 INFO scheduler Scheduled Job Complete: erpnext.projects.doctype.project.project.project_status_update_reminder for site1.local
2022-02-24 13:32:19,284 INFO scheduler Scheduled Job Start: frappe.monitor.flush for site1.local
2022-02-24 13:32:19,532 INFO scheduler Scheduled Job Complete: frappe.monitor.flush for site1.local
2022-02-24 13:32:19,599 INFO scheduler Scheduled Job Start: frappe.integrations.doctype.google_calendar.google_calendar.sync_all_calendars for site1.local
2022-02-24 13:32:19,870 INFO scheduler Scheduled Job Complete: frappe.integrations.doctype.google_calendar.google_calendar.sync_all_calendars for site1.local
2022-02-24 13:32:19,921 INFO scheduler Scheduled Job Start: frappe.utils.global_search.sync_global_search for site1.local
2022-02-24 13:32:20,156 INFO scheduler Scheduled Job Complete: frappe.utils.global_search.sync_global_search for site1.local
2022-02-24 13:32:20,203 INFO scheduler Scheduled Job Start: frappe.integrations.doctype.razorpay_settings.razorpay_settings.capture_payment for site1.local
2022-02-24 13:32:20,465 INFO scheduler Scheduled Job Complete: frappe.integrations.doctype.razorpay_settings.razorpay_settings.capture_payment for site1.local
2022-02-24 13:32:20,512 INFO scheduler Scheduled Job Start: frappe.email.doctype.email_account.email_account.notify_unreplied for site1.local
2022-02-24 13:32:20,772 INFO scheduler Scheduled Job Complete: frappe.email.doctype.email_account.email_account.notify_unreplied for site1.local
2022-02-24 13:32:20,830 INFO scheduler Scheduled Job Start: frappe.email.doctype.email_account.email_account.pull for site1.local
2022-02-24 13:32:21,128 INFO scheduler Scheduled Job Complete: frappe.email.doctype.email_account.email_account.pull for site1.local
2022-02-24 13:32:21,188 INFO scheduler Scheduled Job Start: frappe.email.queue.flush for site1.local
2022-02-24 13:32:21,446 INFO scheduler Scheduled Job Complete: frappe.email.queue.flush for site1.local
2022-02-24 13:33:18,270 DEBUG scheduler Queued events for site site1.local
